#-----------------------------------------------------------
# Vivado v2019.2 (64-bit)
# SW Build 2708876 on Wed Nov  6 21:40:23 MST 2019
# IP Build 2700528 on Thu Nov  7 00:09:20 MST 2019
# Start of session at: Fri May 27 12:05:26 2022
# Process ID: 2712
# Current directory: C:/数字逻辑与数字电路/counter_decl7s/counter_decl7s
# Command line: vivado.exe -gui_launcher_event rodinguilauncherevent15196 C:\数字逻辑与数字电路\counter_decl7s\counter_decl7s\counter_decl7s.xpr
# Log file: C:/数字逻辑与数字电路/counter_decl7s/counter_decl7s/vivado.log
# Journal file: C:/数字逻辑与数字电路/counter_decl7s/counter_decl7s\vivado.jou
#-----------------------------------------------------------
start_gui
open_project C:/数字逻辑与数字电路/counter_decl7s/counter_decl7s/counter_decl7s.xpr
INFO: [Project 1-313] Project file moved from 'C:/counter_decl7s/counter_decl7s' since last save.
WARNING: [Project 1-312] File not found as 'C:/数字逻辑与数字电路/数字逻辑与数字电路/counter_decl7s/counter.v'; using path 'C:/数字逻辑与数字电路/counter_decl7s/counter.v' instead.
WARNING: [Project 1-312] File not found as 'C:/数字逻辑与数字电路/数字逻辑与数字电路/counter_decl7s/decl7s.v'; using path 'C:/数字逻辑与数字电路/counter_decl7s/decl7s.v' instead.
WARNING: [Project 1-312] File not found as 'C:/数字逻辑与数字电路/数字逻辑与数字电路/counter_decl7s/counter_decl7s.v'; using path 'C:/数字逻辑与数字电路/counter_decl7s/counter_decl7s.v' instead.
WARNING: [Project 1-312] File not found as 'C:/数字逻辑与数字电路/数字逻辑与数字电路/counter_decl7s/counter_decl7s .xdc'; using path 'C:/数字逻辑与数字电路/counter_decl7s/counter_decl7s .xdc' instead.
WARNING: [Project 1-312] File not found as 'C:/数字逻辑与数字电路/数字逻辑与数字电路/counter_decl7s/counter_decl7s_tb.v'; using path 'C:/数字逻辑与数字电路/counter_decl7s/counter_decl7s_tb.v' instead.
Scanning sources...
Finished scanning sources
INFO: [IP_Flow 19-234] Refreshing IP repositories
INFO: [IP_Flow 19-1704] No user IP repositories specified
INFO: [IP_Flow 19-2313] Loaded Vivado IP repository 'C:/vivado/Vivado/2019.2/data/ip'.
open_project: Time (s): cpu = 00:00:13 ; elapsed = 00:00:05 . Memory (MB): peak = 829.801 ; gain = 167.707
update_compile_order -fileset sources_1
launch_simulation
Command: launch_simulation 
INFO: [Vivado 12-5682] Launching behavioral simulation in 'C:/数字逻辑与数字电路/counter_decl7s/counter_decl7s/counter_decl7s.sim/sim_1/behav/xsim'
INFO: [SIM-utils-51] Simulation object is 'sim_1'
INFO: [SIM-utils-54] Inspecting design source files for 'conuter_decl7s_tb' in fileset 'sim_1'...
INFO: [USF-XSim-97] Finding global include files...
INFO: [USF-XSim-98] Fetching design files from 'sim_1'...
INFO: [USF-XSim-2] XSim::Compile design
INFO: [USF-XSim-61] Executing 'COMPILE and ANALYZE' step in 'C:/数字逻辑与数字电路/counter_decl7s/counter_decl7s/counter_decl7s.sim/sim_1/behav/xsim'
"xvlog --incr --relax -prj conuter_decl7s_tb_vlog.prj"
INFO: [VRFC 10-2263] Analyzing Verilog file "C:/数字逻辑与数字电路/counter_decl7s/counter_decl7s/counter_decl7s.sim/sim_1/behav/xsim/glbl.v" into library xil_defaultlib
INFO: [VRFC 10-311] analyzing module glbl
INFO: [USF-XSim-69] 'compile' step finished in '3' seconds
INFO: [USF-XSim-3] XSim::Elaborate design
INFO: [USF-XSim-61] Executing 'ELABORATE' step in 'C:/数字逻辑与数字电路/counter_decl7s/counter_decl7s/counter_decl7s.sim/sim_1/behav/xsim'
"xelab -wto b7e001e7ed7a4bf19908bdeed17ff92f --incr --debug typical --relax --mt 2 -L xil_defaultlib -L unisims_ver -L unimacro_ver -L secureip --snapshot conuter_decl7s_tb_behav xil_defaultlib.conuter_decl7s_tb xil_defaultlib.glbl -log elaborate.log"
Vivado Simulator 2019.2
Copyright 1986-1999, 2001-2019 Xilinx, Inc. All Rights Reserved.
Running: C:/vivado/Vivado/2019.2/bin/unwrapped/win64.o/xelab.exe -wto b7e001e7ed7a4bf19908bdeed17ff92f --incr --debug typical --relax --mt 2 -L xil_defaultlib -L unisims_ver -L unimacro_ver -L secureip --snapshot conuter_decl7s_tb_behav xil_defaultlib.conuter_decl7s_tb xil_defaultlib.glbl -log elaborate.log 
Using 2 slave threads.
Starting static elaboration
Pass Through NonSizing Optimizer
Completed static elaboration
Starting simulation data flow analysis
Completed simulation data flow analysis
Time Resolution for simulation is 1ps
Compiling module xil_defaultlib.counter
Compiling module xil_defaultlib.decl7s
Compiling module xil_defaultlib.counter_decl7s
Compiling module xil_defaultlib.conuter_decl7s_tb
Compiling module xil_defaultlib.glbl
Built simulation snapshot conuter_decl7s_tb_behav

****** Webtalk v2019.2 (64-bit)
  **** SW Build 2708876 on Wed Nov  6 21:40:23 MST 2019
  **** IP Build 2700528 on Thu Nov  7 00:09:20 MST 2019
    ** Copyright 1986-2019 Xilinx, Inc. All Rights Reserved.

source C:/数字逻辑与数字电路/counter_decl7s/counter_decl7s/counter_decl7s.sim/sim_1/behav/xsim/xsim.dir/conuter_decl7s_tb_behav/webtalk/xsim_webtalk.tcl -notrace
INFO: [Common 17-186] 'C:/数字逻辑与数字电路/counter_decl7s/counter_decl7s/counter_decl7s.sim/sim_1/behav/xsim/xsim.dir/conuter_decl7s_tb_behav/webtalk/usage_statistics_ext_xsim.xml' has been successfully sent to Xilinx on Fri May 27 12:06:12 2022. For additional details about this file, please refer to the WebTalk help file at C:/vivado/Vivado/2019.2/doc/webtalk_introduction.html.
webtalk_transmit: Time (s): cpu = 00:00:00 ; elapsed = 00:00:10 . Memory (MB): peak = 92.434 ; gain = 0.000
INFO: [Common 17-206] Exiting Webtalk at Fri May 27 12:06:12 2022...
run_program: Time (s): cpu = 00:00:01 ; elapsed = 00:00:18 . Memory (MB): peak = 838.395 ; gain = 0.000
INFO: [USF-XSim-69] 'elaborate' step finished in '18' seconds
INFO: [USF-XSim-4] XSim::Simulate design
INFO: [USF-XSim-61] Executing 'SIMULATE' step in 'C:/数字逻辑与数字电路/counter_decl7s/counter_decl7s/counter_decl7s.sim/sim_1/behav/xsim'
INFO: [USF-XSim-98] *** Running xsim
   with args "conuter_decl7s_tb_behav -key {Behavioral:sim_1:Functional:conuter_decl7s_tb} -tclbatch {conuter_decl7s_tb.tcl} -log {simulate.log}"
INFO: [USF-XSim-8] Loading simulator feature
Vivado Simulator 2019.2
Time resolution is 1 ps
source conuter_decl7s_tb.tcl
# set curr_wave [current_wave_config]
# if { [string length $curr_wave] == 0 } {
#   if { [llength [get_objects]] > 0} {
#     add_wave /
#     set_property needs_save false [current_wave_config]
#   } else {
#      send_msg_id Add_Wave-1 WARNING "No top level signals found. Simulator will start without a wave window. If you want to open a wave window go to 'File->New Waveform Configuration' or type 'create_wave_config' in the TCL console."
#   }
# }
# run 1000ns
time	ena	clock	rst	co	num1_scan_select	num1_seg7
INFO: [USF-XSim-96] XSim completed. Design snapshot 'conuter_decl7s_tb_behav' loaded.
INFO: [USF-XSim-97] XSim simulation ran for 1000ns
launch_simulation: Time (s): cpu = 00:00:07 ; elapsed = 00:00:26 . Memory (MB): peak = 843.727 ; gain = 5.332
close_sim
INFO: [Simtcl 6-16] Simulation closed
close_sim: Time (s): cpu = 00:00:01 ; elapsed = 00:00:10 . Memory (MB): peak = 858.848 ; gain = 0.000
exit
INFO: [Common 17-206] Exiting Vivado at Fri May 27 12:14:02 2022...
