#-----------------------------------------------------------
# Vivado v2019.2 (64-bit)
# SW Build 2708876 on Wed Nov  6 21:40:23 MST 2019
# IP Build 2700528 on Thu Nov  7 00:09:20 MST 2019
# Start of session at: Sat May 28 18:13:38 2022
# Process ID: 27092
# Current directory: C:/数字逻辑与数字电路/sedetector
# Command line: vivado.exe -gui_launcher_event rodinguilauncherevent3664 C:\数字逻辑与数字电路\sedetector\lcd_module.dcp
# Log file: C:/数字逻辑与数字电路/sedetector/vivado.log
# Journal file: C:/数字逻辑与数字电路/sedetector\vivado.jou
#-----------------------------------------------------------
start_gui
open_checkpoint C:/数字逻辑与数字电路/sedetector/lcd_module.dcp
Command: open_checkpoint C:/数字逻辑与数字电路/sedetector/lcd_module.dcp

Starting open_checkpoint Task

Time (s): cpu = 00:00:00 ; elapsed = 00:00:00.054 . Memory (MB): peak = 939.676 ; gain = 2.910
INFO: [IP_Flow 19-234] Refreshing IP repositories
INFO: [IP_Flow 19-1704] No user IP repositories specified
INFO: [IP_Flow 19-2313] Loaded Vivado IP repository 'C:/vivado/Vivado/2019.2/data/ip'.
INFO: [Device 21-403] Loading part xc7a200tfbg676-2
Netlist sorting complete. Time (s): cpu = 00:00:00 ; elapsed = 00:00:00.012 . Memory (MB): peak = 1120.984 ; gain = 0.000
INFO: [Netlist 29-17] Analyzing 17 Unisim elements for replacement
INFO: [Netlist 29-28] Unisim Transformation completed in 0 CPU seconds
INFO: [Project 1-479] Netlist was created with Vivado 2015.2
INFO: [Project 1-570] Preparing netlist for logic optimization
INFO: [Opt 31-138] Pushed 0 inverter(s) to 0 load pin(s).
Netlist sorting complete. Time (s): cpu = 00:00:00 ; elapsed = 00:00:00.001 . Memory (MB): peak = 1233.484 ; gain = 0.000
INFO: [Project 1-111] Unisim Transformation Summary:
  A total of 2 instances were transformed.
  IOBUF => IOBUF (IBUF, OBUFT): 2 instances

INFO: [Project 1-604] Checkpoint was created with  build 1266856
open_checkpoint: Time (s): cpu = 00:00:27 ; elapsed = 00:00:14 . Memory (MB): peak = 1471.723 ; gain = 539.613
exit
INFO: [Common 17-206] Exiting Vivado at Sat May 28 18:14:13 2022...
