Vivado Simulator v2022.2
Copyright 1986-1999, 2001-2022 Xilinx, Inc. All Rights Reserved.
Running: F:/xilinx/Vivado/2022.2/bin/unwrapped/win64.o/xelab.exe --incr --debug typical --relax --mt 2 -L xil_defaultlib -L unisims_ver -L unimacro_ver -L secureip --snapshot sequencer_tb_behav xil_defaultlib.sequencer_tb xil_defaultlib.glbl -log elaborate.log 
Using 2 slave threads.
Starting static elaboration
Pass Through NonSizing Optimizer
Completed static elaboration
Starting simulation data flow analysis
WARNING: [XSIM 43-4100] "D:/D.文档/数电/sequencer/sequencer/sequencer/sequencer.sim/sim_1/behav/xsim/glbl.v" Line 6. Module glbl has a timescale but at least one module in design doesn't have timescale.
WARNING: [XSIM 43-4100] "D:/D.文档/数电/sequencer/sequencer/sequencer/sequencer.sim/sim_1/behav/xsim/glbl.v" Line 6. Module glbl has a timescale but at least one module in design doesn't have timescale.
Completed simulation data flow analysis
Time Resolution for simulation is 1ps
Compiling module xil_defaultlib.register
Compiling module xil_defaultlib.counter
Compiling module xil_defaultlib.mux81
Compiling module xil_defaultlib.sequencer_module
Compiling module xil_defaultlib.sequencer
Compiling module xil_defaultlib.sequencer_tb
Compiling module xil_defaultlib.glbl
Built simulation snapshot sequencer_tb_behav
